<?xml version="1.0" encoding="UTF-8"?>
<!-- Generated by org.testng.reporters.JUnitXMLReporter -->
<testsuite ignored="0" hostname="DESKTOP-P6OIP1G" failures="2" tests="7" name="Test" time="0.298" errors="0" timestamp="2021-07-19T17:19:01 IST">
  <testcase classname="Failed_xml_file.fail_xml" name="TC1" time="0.03"/>
  <testcase classname="Failed_xml_file.fail_xml" name="TC2" time="0.008"/>
  <testcase classname="Failed_xml_file.fail_xml" name="TC3" time="0.007"/>
  <testcase classname="Failed_xml_file.fail_xml" name="TC4" time="0.007"/>
  <testcase classname="Failed_xml_file.fail_xml" name="TC5" time="0.012">
    <failure type="java.lang.AssertionError" message="null">
      <![CDATA[java.lang.AssertionError: null
at Failed_xml_file.fail_xml.TC5(fail_xml.java:38)
at java.base/java.util.ArrayList.forEach(ArrayList.java:1511)
... Removed 29 stack frames]]>
    </failure>
  </testcase> <!-- TC5 -->
  <testcase classname="Failed_xml_file.fail_xml" name="TC6" time="0.007">
    <failure type="java.lang.AssertionError" message="null">
      <![CDATA[java.lang.AssertionError: null
at Failed_xml_file.fail_xml.TC6(fail_xml.java:45)
at java.base/java.util.ArrayList.forEach(ArrayList.java:1511)
... Removed 29 stack frames]]>
    </failure>
  </testcase> <!-- TC6 -->
  <testcase classname="Failed_xml_file.fail_xml" name="TC7" time="0.013"/>
</testsuite> <!-- Test -->
