<?xml version="1.0" encoding="UTF-8"?>
<testng-results ignored="0" total="1" passed="1" failed="0" skipped="0">
  <reporter-output>
  </reporter-output>
  <suite started-at="2021-07-20T20:38:35 IST" name="Default suite" finished-at="2021-07-20T20:38:51 IST" duration-ms="15638">
    <groups>
    </groups>
    <test started-at="2021-07-20T20:38:35 IST" name="Default test" finished-at="2021-07-20T20:38:51 IST" duration-ms="15638">
      <class name="Parallel.para1">
        <test-method signature="TC1()[pri:0, instance:Parallel.para1@1f97cf0d]" started-at="2021-07-20T20:38:35 IST" name="TC1" finished-at="2021-07-20T20:38:51 IST" duration-ms="15479" status="PASS">
          <reporter-output>
          </reporter-output>
        </test-method> <!-- TC1 -->
      </class> <!-- Parallel.para1 -->
    </test> <!-- Default test -->
  </suite> <!-- Default suite -->
</testng-results>
